ISim log file
Running: C:\Users\hunte\Desktop\CSSE232\rhit-csse232-2021c-projects-2021c_violet\implementation\Subsystem2\FullSubsystem_FullSubsystem_sch_tb_isim_beh.exe -intstyle ise -gui -tclbatch isim.cmd -wdb C:/Users/hunte/Desktop/CSSE232/rhit-csse232-2021c-projects-2021c_violet/implementation/Subsystem2/FullSubsystem_FullSubsystem_sch_tb_isim_beh.wdb 
ISim P.20131013 (signature 0x7708f090)
----------------------------------------------------------------------
INFO:Security:50 - The XILINXD_LICENSE_FILE environment variable is set to '2100@ise.csse.rose-hulman.edu'.
INFO:Security:53 - The LM_LICENSE_FILE environment variable is not set.
WARNING:Security:43 - No license file was found in the standard Xilinx license directory.
WARNING:Security:44 - Since no license file was found,
       please run the Xilinx License Configuration Manager
       (xlcm or "Manage Xilinx Licenses")
       to assist in obtaining a license.
WARNING:Security:42 - Your software subscription period has lapsed. Your current version of Xilinx tools will continue to function, but you no longer qualify for Xilinx software updates or new releases.


----------------------------------------------------------------------
This is a Full version of ISim.
Time resolution is 1 ps
# onerror resume
# wave add /
# run 1000 ns
Simulator is doing circuit initialization process.
Finished circuit initialization process.
Testing PC from ALU w/ write off
Pass NewPC:     0
Testing PC from IR w/ write off
Pass NewPC:     0
Testing PC from PC+2 w/ write off
Pass NewPC:     0
# run all
Testing PC from ALU w/ write on
Pass NewPC: 28672
Testing PC from IR w/ write on
Pass NewPC: 18368
Testing PC from PC+2 w/ write on
Pass NewPC: 18370
